<?xml version="1.0" encoding="UTF-8"?>
<testng-results ignored="0" total="1" passed="1" failed="0" skipped="0">
  <reporter-output>
    <line>
      <![CDATA[createCustomer]]>
    </line>
  </reporter-output>
  <suite started-at="2023-06-07T06:33:02Z" name="Suite" finished-at="2023-06-07T06:33:02Z" duration-ms="41">
    <groups>
    </groups>
    <test started-at="2023-06-07T06:33:02Z" name="Test" finished-at="2023-06-07T06:33:02Z" duration-ms="41">
      <class name="com.actitime.testscript.CustomerModule">
        <test-method signature="testCreateCustomer()[pri:0, instance:com.actitime.testscript.CustomerModule@78e4deb0]" started-at="2023-06-07T06:33:02Z" name="testCreateCustomer" finished-at="2023-06-07T06:33:02Z" duration-ms="13" status="PASS">
          <reporter-output>
            <line>
              <![CDATA[createCustomer]]>
            </line>
          </reporter-output>
        </test-method> <!-- testCreateCustomer -->
      </class> <!-- com.actitime.testscript.CustomerModule -->
    </test> <!-- Test -->
  </suite> <!-- Suite -->
</testng-results>
